{"C:\\Users\\e032126\\new_service_provisioning_system\\server\\config.js": {"path":"C:\\Users\\e032126\\new_service_provisioning_system\\server\\config.js","statementMap":{"0":{"start":{"line":1,"column":15},"end":{"line":24,"column":1}}},"fnMap":{},"branchMap":{"0":{"loc":{"start":{"line":21,"column":10},"end":{"line":21,"column":55}},"type":"binary-expr","locations":[{"start":{"line":21,"column":10},"end":{"line":21,"column":29}},{"start":{"line":21,"column":33},"end":{"line":21,"column":55}}],"line":21},"1":{"loc":{"start":{"line":26,"column":22},"end":{"line":26,"column":59}},"type":"binary-expr","locations":[{"start":{"line":26,"column":22},"end":{"line":26,"column":42}},{"start":{"line":26,"column":46},"end":{"line":26,"column":59}}],"line":26}},"s":{"0":1},"f":{},"b":{"0":[1,1],"1":[1,0]},"_coverageSchema":"1a1c01bbd47fc00a2c39e90264f33305004495a9","hash":"4b501ca5c10f611936125ac4b675648ee785954d"}
,"C:\\Users\\e032126\\new_service_provisioning_system\\server\\sequelize.js": {"path":"C:\\Users\\e032126\\new_service_provisioning_system\\server\\sequelize.js","statementMap":{"0":{"start":{"line":4,"column":18},"end":{"line":7,"column":2}}},"fnMap":{},"branchMap":{"0":{"loc":{"start":{"line":5,"column":8},"end":{"line":5,"column":42}},"type":"binary-expr","locations":[{"start":{"line":5,"column":8},"end":{"line":5,"column":27}},{"start":{"line":5,"column":31},"end":{"line":5,"column":42}}],"line":5}},"s":{"0":1},"f":{},"b":{"0":[1,1]},"_coverageSchema":"1a1c01bbd47fc00a2c39e90264f33305004495a9","hash":"5111ad205d50238322f86ceb6e74a03f1046fd93"}
,"C:\\Users\\e032126\\new_service_provisioning_system\\server\\server.js": {"path":"C:\\Users\\e032126\\new_service_provisioning_system\\server\\server.js","statementMap":{"0":{"start":{"line":22,"column":19},"end":{"line":22,"column":21}},"1":{"start":{"line":23,"column":23},"end":{"line":42,"column":1}},"2":{"start":{"line":43,"column":12},"end":{"line":43,"column":21}},"3":{"start":{"line":44,"column":0},"end":{"line":44,"column":24}},"4":{"start":{"line":45,"column":0},"end":{"line":51,"column":2}},"5":{"start":{"line":52,"column":0},"end":{"line":52,"column":24}},"6":{"start":{"line":53,"column":20},"end":{"line":53,"column":48}},"7":{"start":{"line":54,"column":0},"end":{"line":54,"column":68}},"8":{"start":{"line":59,"column":20},"end":{"line":77,"column":1}},"9":{"start":{"line":60,"column":2},"end":{"line":76,"column":3}},"10":{"start":{"line":61,"column":6},"end":{"line":61,"column":37}},"11":{"start":{"line":63,"column":29},"end":{"line":63,"column":71}},"12":{"start":{"line":65,"column":6},"end":{"line":70,"column":9}},"13":{"start":{"line":72,"column":6},"end":{"line":72,"column":54}},"14":{"start":{"line":75,"column":6},"end":{"line":75,"column":55}},"15":{"start":{"line":79,"column":0},"end":{"line":79,"column":14}},"16":{"start":{"line":80,"column":19},"end":{"line":99,"column":1}},"17":{"start":{"line":81,"column":16},"end":{"line":81,"column":33}},"18":{"start":{"line":82,"column":2},"end":{"line":98,"column":3}},"19":{"start":{"line":83,"column":4},"end":{"line":86,"column":7}},"20":{"start":{"line":88,"column":4},"end":{"line":97,"column":7}},"21":{"start":{"line":89,"column":6},"end":{"line":96,"column":7}},"22":{"start":{"line":90,"column":8},"end":{"line":90,"column":56}},"23":{"start":{"line":92,"column":8},"end":{"line":92,"column":47}},"24":{"start":{"line":93,"column":8},"end":{"line":93,"column":32}},"25":{"start":{"line":94,"column":8},"end":{"line":94,"column":32}},"26":{"start":{"line":95,"column":8},"end":{"line":95,"column":15}},"27":{"start":{"line":102,"column":20},"end":{"line":117,"column":1}},"28":{"start":{"line":103,"column":2},"end":{"line":116,"column":3}},"29":{"start":{"line":104,"column":4},"end":{"line":104,"column":51}},"30":{"start":{"line":105,"column":17},"end":{"line":105,"column":48}},"31":{"start":{"line":106,"column":4},"end":{"line":106,"column":39}},"32":{"start":{"line":107,"column":4},"end":{"line":112,"column":5}},"33":{"start":{"line":108,"column":6},"end":{"line":108,"column":13}},"34":{"start":{"line":110,"column":6},"end":{"line":110,"column":59}},"35":{"start":{"line":111,"column":6},"end":{"line":111,"column":75}},"36":{"start":{"line":114,"column":4},"end":{"line":114,"column":49}},"37":{"start":{"line":115,"column":4},"end":{"line":115,"column":59}},"38":{"start":{"line":123,"column":0},"end":{"line":128,"column":3}},"39":{"start":{"line":124,"column":2},"end":{"line":127,"column":5}},"40":{"start":{"line":130,"column":0},"end":{"line":146,"column":3}},"41":{"start":{"line":131,"column":2},"end":{"line":145,"column":3}},"42":{"start":{"line":132,"column":22},"end":{"line":135,"column":6}},"43":{"start":{"line":137,"column":4},"end":{"line":141,"column":5}},"44":{"start":{"line":138,"column":6},"end":{"line":138,"column":33}},"45":{"start":{"line":140,"column":6},"end":{"line":140,"column":67}},"46":{"start":{"line":143,"column":4},"end":{"line":143,"column":52}},"47":{"start":{"line":144,"column":4},"end":{"line":144,"column":59}},"48":{"start":{"line":152,"column":0},"end":{"line":164,"column":3}},"49":{"start":{"line":153,"column":2},"end":{"line":163,"column":3}},"50":{"start":{"line":154,"column":21},"end":{"line":154,"column":45}},"51":{"start":{"line":155,"column":4},"end":{"line":159,"column":5}},"52":{"start":{"line":156,"column":6},"end":{"line":156,"column":32}},"53":{"start":{"line":158,"column":6},"end":{"line":158,"column":68}},"54":{"start":{"line":161,"column":4},"end":{"line":161,"column":51}},"55":{"start":{"line":162,"column":4},"end":{"line":162,"column":72}},"56":{"start":{"line":167,"column":0},"end":{"line":186,"column":3}},"57":{"start":{"line":168,"column":63},"end":{"line":168,"column":71}},"58":{"start":{"line":170,"column":2},"end":{"line":172,"column":3}},"59":{"start":{"line":171,"column":4},"end":{"line":171,"column":72}},"60":{"start":{"line":174,"column":2},"end":{"line":185,"column":3}},"61":{"start":{"line":175,"column":24},"end":{"line":180,"column":6}},"62":{"start":{"line":181,"column":4},"end":{"line":181,"column":87}},"63":{"start":{"line":183,"column":4},"end":{"line":183,"column":52}},"64":{"start":{"line":184,"column":4},"end":{"line":184,"column":70}},"65":{"start":{"line":188,"column":0},"end":{"line":214,"column":3}},"66":{"start":{"line":189,"column":2},"end":{"line":213,"column":3}},"67":{"start":{"line":190,"column":17},"end":{"line":190,"column":73}},"68":{"start":{"line":191,"column":4},"end":{"line":210,"column":5}},"69":{"start":{"line":192,"column":30},"end":{"line":195,"column":7}},"70":{"start":{"line":196,"column":6},"end":{"line":207,"column":7}},"71":{"start":{"line":197,"column":22},"end":{"line":201,"column":9}},"72":{"start":{"line":202,"column":8},"end":{"line":202,"column":35}},"73":{"start":{"line":203,"column":8},"end":{"line":203,"column":29}},"74":{"start":{"line":204,"column":8},"end":{"line":204,"column":77}},"75":{"start":{"line":206,"column":8},"end":{"line":206,"column":69}},"76":{"start":{"line":209,"column":6},"end":{"line":209,"column":54}},"77":{"start":{"line":212,"column":4},"end":{"line":212,"column":56}},"78":{"start":{"line":217,"column":0},"end":{"line":253,"column":3}},"79":{"start":{"line":218,"column":2},"end":{"line":252,"column":3}},"80":{"start":{"line":219,"column":36},"end":{"line":219,"column":44}},"81":{"start":{"line":222,"column":4},"end":{"line":229,"column":5}},"82":{"start":{"line":228,"column":6},"end":{"line":228,"column":70}},"83":{"start":{"line":232,"column":4},"end":{"line":232,"column":42}},"84":{"start":{"line":235,"column":20},"end":{"line":237,"column":6}},"85":{"start":{"line":240,"column":25},"end":{"line":244,"column":7}},"86":{"start":{"line":240,"column":46},"end":{"line":244,"column":5}},"87":{"start":{"line":246,"column":4},"end":{"line":246,"column":40}},"88":{"start":{"line":248,"column":4},"end":{"line":248,"column":64}},"89":{"start":{"line":250,"column":4},"end":{"line":250,"column":50}},"90":{"start":{"line":251,"column":4},"end":{"line":251,"column":69}},"91":{"start":{"line":257,"column":0},"end":{"line":269,"column":3}},"92":{"start":{"line":258,"column":2},"end":{"line":268,"column":3}},"93":{"start":{"line":259,"column":29},"end":{"line":259,"column":38}},"94":{"start":{"line":260,"column":28},"end":{"line":260,"column":78}},"95":{"start":{"line":261,"column":4},"end":{"line":263,"column":5}},"96":{"start":{"line":262,"column":6},"end":{"line":262,"column":40}},"97":{"start":{"line":264,"column":4},"end":{"line":264,"column":39}},"98":{"start":{"line":266,"column":4},"end":{"line":266,"column":55}},"99":{"start":{"line":267,"column":4},"end":{"line":267,"column":59}},"100":{"start":{"line":270,"column":0},"end":{"line":284,"column":3}},"101":{"start":{"line":271,"column":2},"end":{"line":283,"column":3}},"102":{"start":{"line":272,"column":17},"end":{"line":272,"column":65}},"103":{"start":{"line":273,"column":4},"end":{"line":278,"column":7}},"104":{"start":{"line":279,"column":4},"end":{"line":279,"column":43}},"105":{"start":{"line":281,"column":4},"end":{"line":281,"column":58}},"106":{"start":{"line":282,"column":4},"end":{"line":282,"column":65}},"107":{"start":{"line":287,"column":0},"end":{"line":314,"column":3}},"108":{"start":{"line":288,"column":2},"end":{"line":313,"column":3}},"109":{"start":{"line":289,"column":21},"end":{"line":294,"column":6}},"110":{"start":{"line":297,"column":30},"end":{"line":307,"column":7}},"111":{"start":{"line":297,"column":57},"end":{"line":307,"column":5}},"112":{"start":{"line":301,"column":24},"end":{"line":304,"column":9}},"113":{"start":{"line":309,"column":4},"end":{"line":309,"column":32}},"114":{"start":{"line":311,"column":4},"end":{"line":311,"column":51}},"115":{"start":{"line":312,"column":4},"end":{"line":312,"column":52}},"116":{"start":{"line":316,"column":0},"end":{"line":319,"column":3}},"117":{"start":{"line":317,"column":2},"end":{"line":317,"column":27}},"118":{"start":{"line":318,"column":2},"end":{"line":318,"column":41}},"119":{"start":{"line":324,"column":0},"end":{"line":354,"column":3}},"120":{"start":{"line":325,"column":2},"end":{"line":353,"column":3}},"121":{"start":{"line":326,"column":19},"end":{"line":326,"column":29}},"122":{"start":{"line":327,"column":22},"end":{"line":327,"column":30}},"123":{"start":{"line":328,"column":20},"end":{"line":328,"column":46}},"124":{"start":{"line":329,"column":4},"end":{"line":331,"column":5}},"125":{"start":{"line":330,"column":6},"end":{"line":330,"column":66}},"126":{"start":{"line":333,"column":4},"end":{"line":347,"column":5}},"127":{"start":{"line":334,"column":6},"end":{"line":334,"column":56}},"128":{"start":{"line":335,"column":6},"end":{"line":335,"column":44}},"129":{"start":{"line":338,"column":27},"end":{"line":342,"column":9}},"130":{"start":{"line":338,"column":48},"end":{"line":342,"column":7}},"131":{"start":{"line":344,"column":6},"end":{"line":344,"column":46}},"132":{"start":{"line":345,"column":6},"end":{"line":345,"column":42}},"133":{"start":{"line":346,"column":6},"end":{"line":346,"column":39}},"134":{"start":{"line":349,"column":4},"end":{"line":349,"column":70}},"135":{"start":{"line":351,"column":4},"end":{"line":351,"column":56}},"136":{"start":{"line":352,"column":4},"end":{"line":352,"column":75}},"137":{"start":{"line":356,"column":0},"end":{"line":372,"column":3}},"138":{"start":{"line":357,"column":2},"end":{"line":371,"column":3}},"139":{"start":{"line":358,"column":19},"end":{"line":358,"column":29}},"140":{"start":{"line":360,"column":20},"end":{"line":360,"column":46}},"141":{"start":{"line":361,"column":4},"end":{"line":363,"column":5}},"142":{"start":{"line":362,"column":6},"end":{"line":362,"column":66}},"143":{"start":{"line":365,"column":4},"end":{"line":365,"column":54}},"144":{"start":{"line":366,"column":4},"end":{"line":366,"column":28}},"145":{"start":{"line":368,"column":4},"end":{"line":368,"column":64}},"146":{"start":{"line":370,"column":4},"end":{"line":370,"column":69}},"147":{"start":{"line":375,"column":0},"end":{"line":383,"column":3}},"148":{"start":{"line":376,"column":2},"end":{"line":382,"column":3}},"149":{"start":{"line":377,"column":21},"end":{"line":377,"column":44}},"150":{"start":{"line":378,"column":4},"end":{"line":378,"column":23}},"151":{"start":{"line":380,"column":4},"end":{"line":380,"column":51}},"152":{"start":{"line":381,"column":4},"end":{"line":381,"column":64}},"153":{"start":{"line":385,"column":0},"end":{"line":408,"column":3}},"154":{"start":{"line":386,"column":2},"end":{"line":407,"column":3}},"155":{"start":{"line":387,"column":28},"end":{"line":387,"column":38}},"156":{"start":{"line":389,"column":29},"end":{"line":395,"column":6}},"157":{"start":{"line":398,"column":21},"end":{"line":401,"column":7}},"158":{"start":{"line":398,"column":51},"end":{"line":401,"column":5}},"159":{"start":{"line":403,"column":4},"end":{"line":403,"column":23}},"160":{"start":{"line":405,"column":4},"end":{"line":405,"column":67}},"161":{"start":{"line":406,"column":4},"end":{"line":406,"column":61}},"162":{"start":{"line":410,"column":0},"end":{"line":418,"column":3}},"163":{"start":{"line":411,"column":2},"end":{"line":417,"column":3}},"164":{"start":{"line":412,"column":18},"end":{"line":412,"column":38}},"165":{"start":{"line":413,"column":4},"end":{"line":413,"column":20}},"166":{"start":{"line":415,"column":4},"end":{"line":415,"column":48}},"167":{"start":{"line":416,"column":4},"end":{"line":416,"column":61}},"168":{"start":{"line":421,"column":0},"end":{"line":453,"column":3}},"169":{"start":{"line":422,"column":2},"end":{"line":452,"column":3}},"170":{"start":{"line":423,"column":46},"end":{"line":423,"column":54}},"171":{"start":{"line":426,"column":20},"end":{"line":426,"column":54}},"172":{"start":{"line":427,"column":25},"end":{"line":432,"column":6}},"173":{"start":{"line":433,"column":4},"end":{"line":433,"column":30}},"174":{"start":{"line":434,"column":4},"end":{"line":436,"column":5}},"175":{"start":{"line":435,"column":6},"end":{"line":435,"column":74}},"176":{"start":{"line":438,"column":4},"end":{"line":443,"column":7}},"177":{"start":{"line":445,"column":4},"end":{"line":448,"column":7}},"178":{"start":{"line":450,"column":4},"end":{"line":450,"column":51}},"179":{"start":{"line":451,"column":4},"end":{"line":451,"column":70}},"180":{"start":{"line":455,"column":0},"end":{"line":490,"column":3}},"181":{"start":{"line":456,"column":2},"end":{"line":489,"column":3}},"182":{"start":{"line":457,"column":69},"end":{"line":457,"column":77}},"183":{"start":{"line":459,"column":20},"end":{"line":459,"column":54}},"184":{"start":{"line":460,"column":25},"end":{"line":466,"column":6}},"185":{"start":{"line":467,"column":4},"end":{"line":469,"column":5}},"186":{"start":{"line":468,"column":6},"end":{"line":468,"column":74}},"187":{"start":{"line":471,"column":23},"end":{"line":479,"column":6}},"188":{"start":{"line":480,"column":27},"end":{"line":480,"column":64}},"189":{"start":{"line":481,"column":4},"end":{"line":485,"column":7}},"190":{"start":{"line":487,"column":4},"end":{"line":487,"column":50}},"191":{"start":{"line":488,"column":4},"end":{"line":488,"column":69}},"192":{"start":{"line":493,"column":0},"end":{"line":621,"column":3}},"193":{"start":{"line":494,"column":2},"end":{"line":620,"column":3}},"194":{"start":{"line":495,"column":22},"end":{"line":495,"column":35}},"195":{"start":{"line":498,"column":20},"end":{"line":498,"column":53}},"196":{"start":{"line":500,"column":4},"end":{"line":502,"column":5}},"197":{"start":{"line":501,"column":6},"end":{"line":501,"column":66}},"198":{"start":{"line":508,"column":4},"end":{"line":616,"column":5}},"199":{"start":{"line":510,"column":25},"end":{"line":515,"column":10}},"200":{"start":{"line":516,"column":8},"end":{"line":520,"column":9}},"201":{"start":{"line":517,"column":10},"end":{"line":519,"column":68}},"202":{"start":{"line":521,"column":22},"end":{"line":521,"column":80}},"203":{"start":{"line":525,"column":8},"end":{"line":527,"column":9}},"204":{"start":{"line":526,"column":10},"end":{"line":526,"column":74}},"205":{"start":{"line":528,"column":8},"end":{"line":536,"column":10}},"206":{"start":{"line":537,"column":8},"end":{"line":545,"column":11}},"207":{"start":{"line":547,"column":8},"end":{"line":557,"column":9}},"208":{"start":{"line":548,"column":10},"end":{"line":548,"column":62}},"209":{"start":{"line":549,"column":10},"end":{"line":552,"column":13}},"210":{"start":{"line":554,"column":10},"end":{"line":556,"column":64}},"211":{"start":{"line":560,"column":24},"end":{"line":565,"column":10}},"212":{"start":{"line":566,"column":21},"end":{"line":566,"column":79}},"213":{"start":{"line":568,"column":8},"end":{"line":572,"column":9}},"214":{"start":{"line":569,"column":10},"end":{"line":571,"column":68}},"215":{"start":{"line":574,"column":8},"end":{"line":576,"column":9}},"216":{"start":{"line":575,"column":10},"end":{"line":575,"column":74}},"217":{"start":{"line":577,"column":8},"end":{"line":582,"column":11}},"218":{"start":{"line":584,"column":8},"end":{"line":592,"column":11}},"219":{"start":{"line":594,"column":8},"end":{"line":594,"column":60}},"220":{"start":{"line":595,"column":8},"end":{"line":598,"column":11}},"221":{"start":{"line":601,"column":8},"end":{"line":606,"column":11}},"222":{"start":{"line":608,"column":8},"end":{"line":608,"column":60}},"223":{"start":{"line":609,"column":8},"end":{"line":612,"column":11}},"224":{"start":{"line":615,"column":8},"end":{"line":615,"column":71}},"225":{"start":{"line":618,"column":4},"end":{"line":618,"column":51}},"226":{"start":{"line":619,"column":4},"end":{"line":619,"column":70}},"227":{"start":{"line":623,"column":0},"end":{"line":636,"column":3}},"228":{"start":{"line":624,"column":2},"end":{"line":635,"column":3}},"229":{"start":{"line":625,"column":15},"end":{"line":625,"column":28}},"230":{"start":{"line":626,"column":19},"end":{"line":626,"column":59}},"231":{"start":{"line":627,"column":4},"end":{"line":631,"column":5}},"232":{"start":{"line":628,"column":6},"end":{"line":628,"column":59}},"233":{"start":{"line":630,"column":6},"end":{"line":630,"column":60}},"234":{"start":{"line":633,"column":4},"end":{"line":633,"column":52}},"235":{"start":{"line":634,"column":4},"end":{"line":634,"column":65}},"236":{"start":{"line":638,"column":0},"end":{"line":646,"column":3}},"237":{"start":{"line":639,"column":2},"end":{"line":645,"column":3}},"238":{"start":{"line":640,"column":21},"end":{"line":640,"column":44}},"239":{"start":{"line":641,"column":4},"end":{"line":641,"column":30}},"240":{"start":{"line":643,"column":4},"end":{"line":643,"column":51}},"241":{"start":{"line":644,"column":4},"end":{"line":644,"column":70}},"242":{"start":{"line":649,"column":0},"end":{"line":686,"column":3}},"243":{"start":{"line":650,"column":2},"end":{"line":685,"column":3}},"244":{"start":{"line":651,"column":19},"end":{"line":651,"column":29}},"245":{"start":{"line":654,"column":29},"end":{"line":656,"column":6}},"246":{"start":{"line":657,"column":21},"end":{"line":657,"column":44}},"247":{"start":{"line":658,"column":4},"end":{"line":660,"column":5}},"248":{"start":{"line":659,"column":6},"end":{"line":659,"column":67}},"249":{"start":{"line":661,"column":25},"end":{"line":661,"column":38}},"250":{"start":{"line":663,"column":4},"end":{"line":673,"column":6}},"251":{"start":{"line":665,"column":8},"end":{"line":671,"column":10}},"252":{"start":{"line":676,"column":4},"end":{"line":676,"column":42}},"253":{"start":{"line":679,"column":4},"end":{"line":679,"column":66}},"254":{"start":{"line":681,"column":4},"end":{"line":681,"column":58}},"255":{"start":{"line":683,"column":4},"end":{"line":683,"column":51}},"256":{"start":{"line":684,"column":4},"end":{"line":684,"column":52}},"257":{"start":{"line":688,"column":0},"end":{"line":704,"column":3}},"258":{"start":{"line":689,"column":2},"end":{"line":703,"column":3}},"259":{"start":{"line":690,"column":22},"end":{"line":693,"column":6}},"260":{"start":{"line":695,"column":4},"end":{"line":699,"column":5}},"261":{"start":{"line":696,"column":6},"end":{"line":696,"column":33}},"262":{"start":{"line":698,"column":6},"end":{"line":698,"column":67}},"263":{"start":{"line":701,"column":4},"end":{"line":701,"column":52}},"264":{"start":{"line":702,"column":4},"end":{"line":702,"column":59}},"265":{"start":{"line":707,"column":0},"end":{"line":748,"column":3}},"266":{"start":{"line":708,"column":2},"end":{"line":747,"column":3}},"267":{"start":{"line":709,"column":28},"end":{"line":709,"column":38}},"268":{"start":{"line":711,"column":21},"end":{"line":714,"column":6}},"269":{"start":{"line":716,"column":4},"end":{"line":718,"column":5}},"270":{"start":{"line":717,"column":6},"end":{"line":717,"column":67}},"271":{"start":{"line":720,"column":21},"end":{"line":729,"column":6}},"272":{"start":{"line":731,"column":25},"end":{"line":741,"column":5}},"273":{"start":{"line":735,"column":52},"end":{"line":740,"column":7}},"274":{"start":{"line":743,"column":4},"end":{"line":743,"column":34}},"275":{"start":{"line":745,"column":4},"end":{"line":745,"column":59}},"276":{"start":{"line":746,"column":4},"end":{"line":746,"column":78}},"277":{"start":{"line":750,"column":0},"end":{"line":768,"column":2}},"278":{"start":{"line":753,"column":40},"end":{"line":753,"column":50}},"279":{"start":{"line":754,"column":4},"end":{"line":766,"column":5}},"280":{"start":{"line":755,"column":30},"end":{"line":757,"column":8}},"281":{"start":{"line":758,"column":6},"end":{"line":762,"column":7}},"282":{"start":{"line":759,"column":8},"end":{"line":759,"column":59}},"283":{"start":{"line":761,"column":8},"end":{"line":761,"column":79}},"284":{"start":{"line":764,"column":6},"end":{"line":764,"column":59}},"285":{"start":{"line":765,"column":6},"end":{"line":765,"column":70}},"286":{"start":{"line":770,"column":0},"end":{"line":787,"column":3}},"287":{"start":{"line":771,"column":58},"end":{"line":771,"column":66}},"288":{"start":{"line":772,"column":2},"end":{"line":786,"column":3}},"289":{"start":{"line":773,"column":22},"end":{"line":776,"column":5}},"290":{"start":{"line":778,"column":4},"end":{"line":782,"column":5}},"291":{"start":{"line":779,"column":6},"end":{"line":779,"column":38}},"292":{"start":{"line":781,"column":6},"end":{"line":781,"column":73}},"293":{"start":{"line":784,"column":4},"end":{"line":784,"column":57}},"294":{"start":{"line":785,"column":4},"end":{"line":785,"column":69}},"295":{"start":{"line":789,"column":0},"end":{"line":812,"column":3}},"296":{"start":{"line":790,"column":2},"end":{"line":811,"column":3}},"297":{"start":{"line":791,"column":34},"end":{"line":791,"column":44}},"298":{"start":{"line":794,"column":17},"end":{"line":796,"column":6}},"299":{"start":{"line":798,"column":4},"end":{"line":798,"column":39}},"300":{"start":{"line":800,"column":4},"end":{"line":804,"column":5}},"301":{"start":{"line":801,"column":6},"end":{"line":803,"column":71}},"302":{"start":{"line":807,"column":4},"end":{"line":807,"column":42}},"303":{"start":{"line":809,"column":4},"end":{"line":809,"column":56}},"304":{"start":{"line":810,"column":4},"end":{"line":810,"column":63}},"305":{"start":{"line":816,"column":0},"end":{"line":849,"column":3}},"306":{"start":{"line":817,"column":2},"end":{"line":848,"column":3}},"307":{"start":{"line":818,"column":40},"end":{"line":818,"column":48}},"308":{"start":{"line":821,"column":20},"end":{"line":823,"column":6}},"309":{"start":{"line":824,"column":17},"end":{"line":824,"column":67}},"310":{"start":{"line":825,"column":4},"end":{"line":829,"column":5}},"311":{"start":{"line":826,"column":6},"end":{"line":828,"column":64}},"312":{"start":{"line":830,"column":4},"end":{"line":832,"column":5}},"313":{"start":{"line":831,"column":6},"end":{"line":831,"column":79}},"314":{"start":{"line":836,"column":4},"end":{"line":842,"column":7}},"315":{"start":{"line":844,"column":4},"end":{"line":844,"column":65}},"316":{"start":{"line":846,"column":4},"end":{"line":846,"column":51}},"317":{"start":{"line":847,"column":4},"end":{"line":847,"column":70}},"318":{"start":{"line":852,"column":0},"end":{"line":870,"column":3}},"319":{"start":{"line":853,"column":2},"end":{"line":869,"column":3}},"320":{"start":{"line":854,"column":27},"end":{"line":854,"column":37}},"321":{"start":{"line":857,"column":20},"end":{"line":859,"column":6}},"322":{"start":{"line":861,"column":4},"end":{"line":865,"column":5}},"323":{"start":{"line":862,"column":6},"end":{"line":862,"column":66}},"324":{"start":{"line":864,"column":6},"end":{"line":864,"column":66}},"325":{"start":{"line":867,"column":4},"end":{"line":867,"column":50}},"326":{"start":{"line":868,"column":4},"end":{"line":868,"column":69}},"327":{"start":{"line":872,"column":0},"end":{"line":879,"column":3}},"328":{"start":{"line":873,"column":2},"end":{"line":878,"column":3}},"329":{"start":{"line":874,"column":21},"end":{"line":874,"column":44}},"330":{"start":{"line":875,"column":4},"end":{"line":875,"column":23}},"331":{"start":{"line":877,"column":4},"end":{"line":877,"column":68}},"332":{"start":{"line":881,"column":0},"end":{"line":891,"column":3}},"333":{"start":{"line":882,"column":2},"end":{"line":882,"column":41}},"334":{"start":{"line":885,"column":2},"end":{"line":890,"column":66}},"335":{"start":{"line":888,"column":6},"end":{"line":888,"column":48}},"336":{"start":{"line":890,"column":20},"end":{"line":890,"column":64}}},"fnMap":{"0":{"name":"(anonymous_0)","decl":{"start":{"line":59,"column":20},"end":{"line":59,"column":21}},"loc":{"start":{"line":59,"column":32},"end":{"line":77,"column":1}},"line":59},"1":{"name":"(anonymous_1)","decl":{"start":{"line":80,"column":19},"end":{"line":80,"column":20}},"loc":{"start":{"line":80,"column":39},"end":{"line":99,"column":1}},"line":80},"2":{"name":"(anonymous_2)","decl":{"start":{"line":88,"column":40},"end":{"line":88,"column":41}},"loc":{"start":{"line":88,"column":58},"end":{"line":97,"column":5}},"line":88},"3":{"name":"(anonymous_3)","decl":{"start":{"line":102,"column":20},"end":{"line":102,"column":21}},"loc":{"start":{"line":102,"column":46},"end":{"line":117,"column":1}},"line":102},"4":{"name":"(anonymous_4)","decl":{"start":{"line":123,"column":25},"end":{"line":123,"column":26}},"loc":{"start":{"line":123,"column":39},"end":{"line":128,"column":1}},"line":123},"5":{"name":"(anonymous_5)","decl":{"start":{"line":130,"column":47},"end":{"line":130,"column":48}},"loc":{"start":{"line":130,"column":67},"end":{"line":146,"column":1}},"line":130},"6":{"name":"(anonymous_6)","decl":{"start":{"line":152,"column":21},"end":{"line":152,"column":22}},"loc":{"start":{"line":152,"column":41},"end":{"line":164,"column":1}},"line":152},"7":{"name":"(anonymous_7)","decl":{"start":{"line":167,"column":22},"end":{"line":167,"column":23}},"loc":{"start":{"line":167,"column":42},"end":{"line":186,"column":1}},"line":167},"8":{"name":"(anonymous_8)","decl":{"start":{"line":188,"column":19},"end":{"line":188,"column":20}},"loc":{"start":{"line":188,"column":39},"end":{"line":214,"column":1}},"line":188},"9":{"name":"(anonymous_9)","decl":{"start":{"line":217,"column":52},"end":{"line":217,"column":53}},"loc":{"start":{"line":217,"column":72},"end":{"line":253,"column":1}},"line":217},"10":{"name":"(anonymous_10)","decl":{"start":{"line":240,"column":35},"end":{"line":240,"column":36}},"loc":{"start":{"line":240,"column":46},"end":{"line":244,"column":5}},"line":240},"11":{"name":"(anonymous_11)","decl":{"start":{"line":257,"column":25},"end":{"line":257,"column":26}},"loc":{"start":{"line":257,"column":45},"end":{"line":269,"column":1}},"line":257},"12":{"name":"(anonymous_12)","decl":{"start":{"line":270,"column":22},"end":{"line":270,"column":23}},"loc":{"start":{"line":270,"column":42},"end":{"line":284,"column":1}},"line":270},"13":{"name":"(anonymous_13)","decl":{"start":{"line":287,"column":24},"end":{"line":287,"column":25}},"loc":{"start":{"line":287,"column":44},"end":{"line":314,"column":1}},"line":287},"14":{"name":"(anonymous_14)","decl":{"start":{"line":297,"column":43},"end":{"line":297,"column":44}},"loc":{"start":{"line":297,"column":57},"end":{"line":307,"column":5}},"line":297},"15":{"name":"(anonymous_15)","decl":{"start":{"line":301,"column":8},"end":{"line":301,"column":9}},"loc":{"start":{"line":301,"column":24},"end":{"line":304,"column":9}},"line":301},"16":{"name":"(anonymous_16)","decl":{"start":{"line":316,"column":19},"end":{"line":316,"column":20}},"loc":{"start":{"line":316,"column":33},"end":{"line":319,"column":1}},"line":316},"17":{"name":"(anonymous_17)","decl":{"start":{"line":324,"column":30},"end":{"line":324,"column":31}},"loc":{"start":{"line":324,"column":50},"end":{"line":354,"column":1}},"line":324},"18":{"name":"(anonymous_18)","decl":{"start":{"line":338,"column":37},"end":{"line":338,"column":38}},"loc":{"start":{"line":338,"column":48},"end":{"line":342,"column":7}},"line":338},"19":{"name":"(anonymous_19)","decl":{"start":{"line":356,"column":58},"end":{"line":356,"column":59}},"loc":{"start":{"line":356,"column":78},"end":{"line":372,"column":1}},"line":356},"20":{"name":"(anonymous_20)","decl":{"start":{"line":375,"column":21},"end":{"line":375,"column":22}},"loc":{"start":{"line":375,"column":41},"end":{"line":383,"column":1}},"line":375},"21":{"name":"(anonymous_21)","decl":{"start":{"line":385,"column":34},"end":{"line":385,"column":35}},"loc":{"start":{"line":385,"column":54},"end":{"line":408,"column":1}},"line":385},"22":{"name":"(anonymous_22)","decl":{"start":{"line":398,"column":42},"end":{"line":398,"column":43}},"loc":{"start":{"line":398,"column":51},"end":{"line":401,"column":5}},"line":398},"23":{"name":"(anonymous_23)","decl":{"start":{"line":410,"column":18},"end":{"line":410,"column":19}},"loc":{"start":{"line":410,"column":38},"end":{"line":418,"column":1}},"line":410},"24":{"name":"(anonymous_24)","decl":{"start":{"line":421,"column":49},"end":{"line":421,"column":50}},"loc":{"start":{"line":421,"column":69},"end":{"line":453,"column":1}},"line":421},"25":{"name":"(anonymous_25)","decl":{"start":{"line":455,"column":22},"end":{"line":455,"column":23}},"loc":{"start":{"line":455,"column":42},"end":{"line":490,"column":1}},"line":455},"26":{"name":"(anonymous_26)","decl":{"start":{"line":493,"column":33},"end":{"line":493,"column":34}},"loc":{"start":{"line":493,"column":53},"end":{"line":621,"column":1}},"line":493},"27":{"name":"(anonymous_27)","decl":{"start":{"line":623,"column":28},"end":{"line":623,"column":29}},"loc":{"start":{"line":623,"column":48},"end":{"line":636,"column":1}},"line":623},"28":{"name":"(anonymous_28)","decl":{"start":{"line":638,"column":21},"end":{"line":638,"column":22}},"loc":{"start":{"line":638,"column":41},"end":{"line":646,"column":1}},"line":638},"29":{"name":"(anonymous_29)","decl":{"start":{"line":649,"column":53},"end":{"line":649,"column":54}},"loc":{"start":{"line":649,"column":73},"end":{"line":686,"column":1}},"line":649},"30":{"name":"(anonymous_30)","decl":{"start":{"line":664,"column":27},"end":{"line":664,"column":28}},"loc":{"start":{"line":665,"column":8},"end":{"line":671,"column":10}},"line":665},"31":{"name":"(anonymous_31)","decl":{"start":{"line":688,"column":47},"end":{"line":688,"column":48}},"loc":{"start":{"line":688,"column":67},"end":{"line":704,"column":1}},"line":688},"32":{"name":"(anonymous_32)","decl":{"start":{"line":707,"column":34},"end":{"line":707,"column":35}},"loc":{"start":{"line":707,"column":54},"end":{"line":748,"column":1}},"line":707},"33":{"name":"(anonymous_33)","decl":{"start":{"line":735,"column":38},"end":{"line":735,"column":39}},"loc":{"start":{"line":735,"column":52},"end":{"line":740,"column":7}},"line":735},"34":{"name":"(anonymous_34)","decl":{"start":{"line":752,"column":2},"end":{"line":752,"column":3}},"loc":{"start":{"line":752,"column":22},"end":{"line":767,"column":3}},"line":752},"35":{"name":"(anonymous_35)","decl":{"start":{"line":770,"column":36},"end":{"line":770,"column":37}},"loc":{"start":{"line":770,"column":56},"end":{"line":787,"column":1}},"line":770},"36":{"name":"(anonymous_36)","decl":{"start":{"line":789,"column":45},"end":{"line":789,"column":46}},"loc":{"start":{"line":789,"column":65},"end":{"line":812,"column":1}},"line":789},"37":{"name":"(anonymous_37)","decl":{"start":{"line":816,"column":33},"end":{"line":816,"column":34}},"loc":{"start":{"line":816,"column":53},"end":{"line":849,"column":1}},"line":816},"38":{"name":"(anonymous_38)","decl":{"start":{"line":852,"column":57},"end":{"line":852,"column":58}},"loc":{"start":{"line":852,"column":77},"end":{"line":870,"column":1}},"line":852},"39":{"name":"(anonymous_39)","decl":{"start":{"line":872,"column":21},"end":{"line":872,"column":22}},"loc":{"start":{"line":872,"column":41},"end":{"line":879,"column":1}},"line":872},"40":{"name":"(anonymous_40)","decl":{"start":{"line":881,"column":17},"end":{"line":881,"column":18}},"loc":{"start":{"line":881,"column":23},"end":{"line":891,"column":1}},"line":881},"41":{"name":"(anonymous_41)","decl":{"start":{"line":887,"column":10},"end":{"line":887,"column":11}},"loc":{"start":{"line":887,"column":16},"end":{"line":889,"column":5}},"line":887},"42":{"name":"(anonymous_42)","decl":{"start":{"line":890,"column":11},"end":{"line":890,"column":12}},"loc":{"start":{"line":890,"column":20},"end":{"line":890,"column":64}},"line":890}},"branchMap":{"0":{"loc":{"start":{"line":82,"column":2},"end":{"line":98,"column":3}},"type":"if","locations":[{"start":{"line":82,"column":2},"end":{"line":98,"column":3}},{"start":{"line":87,"column":9},"end":{"line":98,"column":3}}],"line":82},"1":{"loc":{"start":{"line":89,"column":6},"end":{"line":96,"column":7}},"type":"if","locations":[{"start":{"line":89,"column":6},"end":{"line":96,"column":7}},{"start":{"line":91,"column":13},"end":{"line":96,"column":7}}],"line":89},"2":{"loc":{"start":{"line":107,"column":4},"end":{"line":112,"column":5}},"type":"if","locations":[{"start":{"line":107,"column":4},"end":{"line":112,"column":5}},{"start":{"line":109,"column":11},"end":{"line":112,"column":5}}],"line":107},"3":{"loc":{"start":{"line":107,"column":8},"end":{"line":107,"column":37}},"type":"binary-expr","locations":[{"start":{"line":107,"column":8},"end":{"line":107,"column":12}},{"start":{"line":107,"column":16},"end":{"line":107,"column":37}}],"line":107},"4":{"loc":{"start":{"line":137,"column":4},"end":{"line":141,"column":5}},"type":"if","locations":[{"start":{"line":137,"column":4},"end":{"line":141,"column":5}},{"start":{"line":139,"column":11},"end":{"line":141,"column":5}}],"line":137},"5":{"loc":{"start":{"line":155,"column":4},"end":{"line":159,"column":5}},"type":"if","locations":[{"start":{"line":155,"column":4},"end":{"line":159,"column":5}},{"start":{"line":157,"column":11},"end":{"line":159,"column":5}}],"line":155},"6":{"loc":{"start":{"line":170,"column":2},"end":{"line":172,"column":3}},"type":"if","locations":[{"start":{"line":170,"column":2},"end":{"line":172,"column":3}},{"start":{},"end":{}}],"line":170},"7":{"loc":{"start":{"line":170,"column":6},"end":{"line":170,"column":64}},"type":"binary-expr","locations":[{"start":{"line":170,"column":6},"end":{"line":170,"column":18}},{"start":{"line":170,"column":22},"end":{"line":170,"column":33}},{"start":{"line":170,"column":37},"end":{"line":170,"column":54}},{"start":{"line":170,"column":58},"end":{"line":170,"column":64}}],"line":170},"8":{"loc":{"start":{"line":191,"column":4},"end":{"line":210,"column":5}},"type":"if","locations":[{"start":{"line":191,"column":4},"end":{"line":210,"column":5}},{"start":{"line":208,"column":11},"end":{"line":210,"column":5}}],"line":191},"9":{"loc":{"start":{"line":196,"column":6},"end":{"line":207,"column":7}},"type":"if","locations":[{"start":{"line":196,"column":6},"end":{"line":207,"column":7}},{"start":{"line":205,"column":13},"end":{"line":207,"column":7}}],"line":196},"10":{"loc":{"start":{"line":222,"column":4},"end":{"line":229,"column":5}},"type":"if","locations":[{"start":{"line":222,"column":4},"end":{"line":229,"column":5}},{"start":{},"end":{}}],"line":222},"11":{"loc":{"start":{"line":223,"column":6},"end":{"line":226,"column":24}},"type":"binary-expr","locations":[{"start":{"line":223,"column":6},"end":{"line":223,"column":19}},{"start":{"line":224,"column":6},"end":{"line":224,"column":12}},{"start":{"line":225,"column":6},"end":{"line":225,"column":27}},{"start":{"line":226,"column":6},"end":{"line":226,"column":24}}],"line":223},"12":{"loc":{"start":{"line":261,"column":4},"end":{"line":263,"column":5}},"type":"if","locations":[{"start":{"line":261,"column":4},"end":{"line":263,"column":5}},{"start":{},"end":{}}],"line":261},"13":{"loc":{"start":{"line":329,"column":4},"end":{"line":331,"column":5}},"type":"if","locations":[{"start":{"line":329,"column":4},"end":{"line":331,"column":5}},{"start":{},"end":{}}],"line":329},"14":{"loc":{"start":{"line":333,"column":4},"end":{"line":347,"column":5}},"type":"if","locations":[{"start":{"line":333,"column":4},"end":{"line":347,"column":5}},{"start":{},"end":{}}],"line":333},"15":{"loc":{"start":{"line":333,"column":8},"end":{"line":333,"column":37}},"type":"binary-expr","locations":[{"start":{"line":333,"column":8},"end":{"line":333,"column":13}},{"start":{"line":333,"column":17},"end":{"line":333,"column":37}}],"line":333},"16":{"loc":{"start":{"line":361,"column":4},"end":{"line":363,"column":5}},"type":"if","locations":[{"start":{"line":361,"column":4},"end":{"line":363,"column":5}},{"start":{},"end":{}}],"line":361},"17":{"loc":{"start":{"line":434,"column":4},"end":{"line":436,"column":5}},"type":"if","locations":[{"start":{"line":434,"column":4},"end":{"line":436,"column":5}},{"start":{},"end":{}}],"line":434},"18":{"loc":{"start":{"line":434,"column":8},"end":{"line":434,"column":33}},"type":"binary-expr","locations":[{"start":{"line":434,"column":8},"end":{"line":434,"column":16}},{"start":{"line":434,"column":20},"end":{"line":434,"column":33}}],"line":434},"19":{"loc":{"start":{"line":467,"column":4},"end":{"line":469,"column":5}},"type":"if","locations":[{"start":{"line":467,"column":4},"end":{"line":469,"column":5}},{"start":{},"end":{}}],"line":467},"20":{"loc":{"start":{"line":467,"column":8},"end":{"line":467,"column":33}},"type":"binary-expr","locations":[{"start":{"line":467,"column":8},"end":{"line":467,"column":16}},{"start":{"line":467,"column":20},"end":{"line":467,"column":33}}],"line":467},"21":{"loc":{"start":{"line":477,"column":17},"end":{"line":477,"column":44}},"type":"binary-expr","locations":[{"start":{"line":477,"column":17},"end":{"line":477,"column":25}},{"start":{"line":477,"column":29},"end":{"line":477,"column":44}}],"line":477},"22":{"loc":{"start":{"line":500,"column":4},"end":{"line":502,"column":5}},"type":"if","locations":[{"start":{"line":500,"column":4},"end":{"line":502,"column":5}},{"start":{},"end":{}}],"line":500},"23":{"loc":{"start":{"line":508,"column":4},"end":{"line":616,"column":5}},"type":"switch","locations":[{"start":{"line":509,"column":6},"end":{"line":557,"column":9}},{"start":{"line":559,"column":6},"end":{"line":598,"column":11}},{"start":{"line":600,"column":6},"end":{"line":612,"column":11}},{"start":{"line":614,"column":6},"end":{"line":615,"column":71}}],"line":508},"24":{"loc":{"start":{"line":516,"column":8},"end":{"line":520,"column":9}},"type":"if","locations":[{"start":{"line":516,"column":8},"end":{"line":520,"column":9}},{"start":{},"end":{}}],"line":516},"25":{"loc":{"start":{"line":525,"column":8},"end":{"line":527,"column":9}},"type":"if","locations":[{"start":{"line":525,"column":8},"end":{"line":527,"column":9}},{"start":{},"end":{}}],"line":525},"26":{"loc":{"start":{"line":543,"column":19},"end":{"line":543,"column":44}},"type":"binary-expr","locations":[{"start":{"line":543,"column":19},"end":{"line":543,"column":35}},{"start":{"line":543,"column":39},"end":{"line":543,"column":44}}],"line":543},"27":{"loc":{"start":{"line":547,"column":8},"end":{"line":557,"column":9}},"type":"if","locations":[{"start":{"line":547,"column":8},"end":{"line":557,"column":9}},{"start":{"line":553,"column":15},"end":{"line":557,"column":9}}],"line":547},"28":{"loc":{"start":{"line":568,"column":8},"end":{"line":572,"column":9}},"type":"if","locations":[{"start":{"line":568,"column":8},"end":{"line":572,"column":9}},{"start":{},"end":{}}],"line":568},"29":{"loc":{"start":{"line":574,"column":8},"end":{"line":576,"column":9}},"type":"if","locations":[{"start":{"line":574,"column":8},"end":{"line":576,"column":9}},{"start":{},"end":{}}],"line":574},"30":{"loc":{"start":{"line":590,"column":19},"end":{"line":590,"column":44}},"type":"binary-expr","locations":[{"start":{"line":590,"column":19},"end":{"line":590,"column":35}},{"start":{"line":590,"column":39},"end":{"line":590,"column":44}}],"line":590},"31":{"loc":{"start":{"line":627,"column":4},"end":{"line":631,"column":5}},"type":"if","locations":[{"start":{"line":627,"column":4},"end":{"line":631,"column":5}},{"start":{"line":629,"column":11},"end":{"line":631,"column":5}}],"line":627},"32":{"loc":{"start":{"line":658,"column":4},"end":{"line":660,"column":5}},"type":"if","locations":[{"start":{"line":658,"column":4},"end":{"line":660,"column":5}},{"start":{},"end":{}}],"line":658},"33":{"loc":{"start":{"line":695,"column":4},"end":{"line":699,"column":5}},"type":"if","locations":[{"start":{"line":695,"column":4},"end":{"line":699,"column":5}},{"start":{"line":697,"column":11},"end":{"line":699,"column":5}}],"line":695},"34":{"loc":{"start":{"line":716,"column":4},"end":{"line":718,"column":5}},"type":"if","locations":[{"start":{"line":716,"column":4},"end":{"line":718,"column":5}},{"start":{},"end":{}}],"line":716},"35":{"loc":{"start":{"line":758,"column":6},"end":{"line":762,"column":7}},"type":"if","locations":[{"start":{"line":758,"column":6},"end":{"line":762,"column":7}},{"start":{"line":760,"column":13},"end":{"line":762,"column":7}}],"line":758},"36":{"loc":{"start":{"line":778,"column":4},"end":{"line":782,"column":5}},"type":"if","locations":[{"start":{"line":778,"column":4},"end":{"line":782,"column":5}},{"start":{"line":780,"column":11},"end":{"line":782,"column":5}}],"line":778},"37":{"loc":{"start":{"line":800,"column":4},"end":{"line":804,"column":5}},"type":"if","locations":[{"start":{"line":800,"column":4},"end":{"line":804,"column":5}},{"start":{},"end":{}}],"line":800},"38":{"loc":{"start":{"line":825,"column":4},"end":{"line":829,"column":5}},"type":"if","locations":[{"start":{"line":825,"column":4},"end":{"line":829,"column":5}},{"start":{},"end":{}}],"line":825},"39":{"loc":{"start":{"line":830,"column":4},"end":{"line":832,"column":5}},"type":"if","locations":[{"start":{"line":830,"column":4},"end":{"line":832,"column":5}},{"start":{},"end":{}}],"line":830},"40":{"loc":{"start":{"line":861,"column":4},"end":{"line":865,"column":5}},"type":"if","locations":[{"start":{"line":861,"column":4},"end":{"line":865,"column":5}},{"start":{"line":863,"column":11},"end":{"line":865,"column":5}}],"line":861}},"s":{"0":1,"1":1,"2":1,"3":1,"4":1,"5":1,"6":1,"7":1,"8":1,"9":1,"10":1,"11":1,"12":1,"13":0,"14":1,"15":1,"16":1,"17":3,"18":3,"19":0,"20":3,"21":3,"22":0,"23":3,"24":3,"25":3,"26":3,"27":1,"28":3,"29":3,"30":3,"31":3,"32":3,"33":3,"34":0,"35":0,"36":0,"37":0,"38":1,"39":0,"40":1,"41":1,"42":1,"43":1,"44":1,"45":0,"46":0,"47":0,"48":1,"49":0,"50":0,"51":0,"52":0,"53":0,"54":0,"55":0,"56":1,"57":0,"58":0,"59":0,"60":0,"61":0,"62":0,"63":0,"64":0,"65":1,"66":4,"67":4,"68":4,"69":4,"70":4,"71":2,"72":2,"73":2,"74":2,"75":2,"76":0,"77":0,"78":1,"79":1,"80":1,"81":1,"82":0,"83":1,"84":1,"85":1,"86":1,"87":1,"88":1,"89":0,"90":0,"91":1,"92":1,"93":1,"94":1,"95":1,"96":1,"97":0,"98":0,"99":0,"100":1,"101":0,"102":0,"103":0,"104":0,"105":0,"106":0,"107":1,"108":1,"109":1,"110":1,"111":5,"112":5,"113":1,"114":0,"115":0,"116":1,"117":1,"118":1,"119":1,"120":1,"121":1,"122":1,"123":1,"124":1,"125":0,"126":1,"127":1,"128":1,"129":1,"130":1,"131":1,"132":1,"133":1,"134":1,"135":0,"136":0,"137":1,"138":1,"139":1,"140":1,"141":1,"142":0,"143":1,"144":1,"145":1,"146":0,"147":1,"148":1,"149":1,"150":1,"151":0,"152":0,"153":1,"154":0,"155":0,"156":0,"157":0,"158":0,"159":0,"160":0,"161":0,"162":1,"163":0,"164":0,"165":0,"166":0,"167":0,"168":1,"169":0,"170":0,"171":0,"172":0,"173":0,"174":0,"175":0,"176":0,"177":0,"178":0,"179":0,"180":1,"181":0,"182":0,"183":0,"184":0,"185":0,"186":0,"187":0,"188":0,"189":0,"190":0,"191":0,"192":1,"193":0,"194":0,"195":0,"196":0,"197":0,"198":0,"199":0,"200":0,"201":0,"202":0,"203":0,"204":0,"205":0,"206":0,"207":0,"208":0,"209":0,"210":0,"211":0,"212":0,"213":0,"214":0,"215":0,"216":0,"217":0,"218":0,"219":0,"220":0,"221":0,"222":0,"223":0,"224":0,"225":0,"226":0,"227":1,"228":0,"229":0,"230":0,"231":0,"232":0,"233":0,"234":0,"235":0,"236":1,"237":1,"238":1,"239":1,"240":0,"241":0,"242":1,"243":0,"244":0,"245":0,"246":0,"247":0,"248":0,"249":0,"250":0,"251":0,"252":0,"253":0,"254":0,"255":0,"256":0,"257":1,"258":0,"259":0,"260":0,"261":0,"262":0,"263":0,"264":0,"265":1,"266":0,"267":0,"268":0,"269":0,"270":0,"271":0,"272":0,"273":0,"274":0,"275":0,"276":0,"277":1,"278":0,"279":0,"280":0,"281":0,"282":0,"283":0,"284":0,"285":0,"286":1,"287":0,"288":0,"289":0,"290":0,"291":0,"292":0,"293":0,"294":0,"295":1,"296":0,"297":0,"298":0,"299":0,"300":0,"301":0,"302":0,"303":0,"304":0,"305":1,"306":0,"307":0,"308":0,"309":0,"310":0,"311":0,"312":0,"313":0,"314":0,"315":0,"316":0,"317":0,"318":1,"319":0,"320":0,"321":0,"322":0,"323":0,"324":0,"325":0,"326":0,"327":1,"328":1,"329":1,"330":1,"331":0,"332":1,"333":0,"334":0,"335":0,"336":0},"f":{"0":1,"1":3,"2":3,"3":3,"4":0,"5":1,"6":0,"7":0,"8":4,"9":1,"10":1,"11":1,"12":0,"13":1,"14":5,"15":5,"16":1,"17":1,"18":1,"19":1,"20":1,"21":0,"22":0,"23":0,"24":0,"25":0,"26":0,"27":0,"28":1,"29":0,"30":0,"31":0,"32":0,"33":0,"34":0,"35":0,"36":0,"37":0,"38":0,"39":1,"40":0,"41":0,"42":0},"b":{"0":[0,3],"1":[0,3],"2":[3,0],"3":[3,3],"4":[1,0],"5":[0,0],"6":[0,0],"7":[0,0,0,0],"8":[4,0],"9":[2,2],"10":[0,1],"11":[1,1,1,1],"12":[1,0],"13":[0,1],"14":[1,0],"15":[1,1],"16":[0,1],"17":[0,0],"18":[0,0],"19":[0,0],"20":[0,0],"21":[0,0],"22":[0,0],"23":[0,0,0,0],"24":[0,0],"25":[0,0],"26":[0,0],"27":[0,0],"28":[0,0],"29":[0,0],"30":[0,0],"31":[0,0],"32":[0,0],"33":[0,0],"34":[0,0],"35":[0,0],"36":[0,0],"37":[0,0],"38":[0,0],"39":[0,0],"40":[0,0]},"_coverageSchema":"1a1c01bbd47fc00a2c39e90264f33305004495a9","hash":"a52363c5a4efb615138f5c7456488e509776be46"}
,"C:\\Users\\e032126\\new_service_provisioning_system\\server\\models\\Archive.js": {"path":"C:\\Users\\e032126\\new_service_provisioning_system\\server\\models\\Archive.js","statementMap":{"0":{"start":{"line":4,"column":16},"end":{"line":32,"column":2}}},"fnMap":{},"branchMap":{},"s":{"0":1},"f":{},"b":{},"_coverageSchema":"1a1c01bbd47fc00a2c39e90264f33305004495a9","hash":"ba2138b7483cce67f2e802506ce2da76eab99dc9"}
,"C:\\Users\\e032126\\new_service_provisioning_system\\server\\models\\CustomerService.js": {"path":"C:\\Users\\e032126\\new_service_provisioning_system\\server\\models\\CustomerService.js","statementMap":{"0":{"start":{"line":6,"column":24},"end":{"line":33,"column":2}},"1":{"start":{"line":36,"column":0},"end":{"line":36,"column":61}},"2":{"start":{"line":37,"column":0},"end":{"line":37,"column":63}},"3":{"start":{"line":39,"column":0},"end":{"line":39,"column":63}},"4":{"start":{"line":40,"column":0},"end":{"line":40,"column":65}}},"fnMap":{},"branchMap":{},"s":{"0":1,"1":1,"2":1,"3":1,"4":1},"f":{},"b":{},"_coverageSchema":"1a1c01bbd47fc00a2c39e90264f33305004495a9","hash":"c1eaa19a4149982f5f9658bff3925687e908f906"}
,"C:\\Users\\e032126\\new_service_provisioning_system\\server\\models\\Feedback.js": {"path":"C:\\Users\\e032126\\new_service_provisioning_system\\server\\models\\Feedback.js","statementMap":{"0":{"start":{"line":4,"column":17},"end":{"line":19,"column":2}}},"fnMap":{},"branchMap":{},"s":{"0":1},"f":{},"b":{},"_coverageSchema":"1a1c01bbd47fc00a2c39e90264f33305004495a9","hash":"981690500aaab2fbc6608b64fb24e5cbf2b780bc"}
,"C:\\Users\\e032126\\new_service_provisioning_system\\server\\models\\Plan.js": {"path":"C:\\Users\\e032126\\new_service_provisioning_system\\server\\models\\Plan.js","statementMap":{"0":{"start":{"line":5,"column":13},"end":{"line":14,"column":2}},"1":{"start":{"line":17,"column":0},"end":{"line":17,"column":52}},"2":{"start":{"line":18,"column":0},"end":{"line":18,"column":54}}},"fnMap":{},"branchMap":{},"s":{"0":1,"1":1,"2":1},"f":{},"b":{},"_coverageSchema":"1a1c01bbd47fc00a2c39e90264f33305004495a9","hash":"20c8a10e45d0926297f8156658ae12c79841e4e2"}
,"C:\\Users\\e032126\\new_service_provisioning_system\\server\\models\\Request.js": {"path":"C:\\Users\\e032126\\new_service_provisioning_system\\server\\models\\Request.js","statementMap":{"0":{"start":{"line":7,"column":16},"end":{"line":46,"column":2}},"1":{"start":{"line":49,"column":0},"end":{"line":49,"column":53}},"2":{"start":{"line":50,"column":0},"end":{"line":50,"column":55}},"3":{"start":{"line":52,"column":0},"end":{"line":52,"column":55}},"4":{"start":{"line":53,"column":0},"end":{"line":53,"column":57}}},"fnMap":{},"branchMap":{},"s":{"0":1,"1":1,"2":1,"3":1,"4":1},"f":{},"b":{},"_coverageSchema":"1a1c01bbd47fc00a2c39e90264f33305004495a9","hash":"1990f95ae6a4d14d23489a3439f0f9a27c4e72fe"}
,"C:\\Users\\e032126\\new_service_provisioning_system\\server\\models\\Service.js": {"path":"C:\\Users\\e032126\\new_service_provisioning_system\\server\\models\\Service.js","statementMap":{"0":{"start":{"line":4,"column":16},"end":{"line":11,"column":2}}},"fnMap":{},"branchMap":{},"s":{"0":1},"f":{},"b":{},"_coverageSchema":"1a1c01bbd47fc00a2c39e90264f33305004495a9","hash":"8369eb3d4b58eca37245d57e84e01cbe93fe8ed1"}
,"C:\\Users\\e032126\\new_service_provisioning_system\\server\\models\\User.js": {"path":"C:\\Users\\e032126\\new_service_provisioning_system\\server\\models\\User.js","statementMap":{"0":{"start":{"line":4,"column":13},"end":{"line":25,"column":2}}},"fnMap":{},"branchMap":{},"s":{"0":1},"f":{},"b":{},"_coverageSchema":"1a1c01bbd47fc00a2c39e90264f33305004495a9","hash":"192095ad1415238f19c26bced4ad8f8d99be9b8f"}
,"C:\\Users\\e032126\\new_service_provisioning_system\\server\\models\\index.js": {"path":"C:\\Users\\e032126\\new_service_provisioning_system\\server\\models\\index.js","statementMap":{"0":{"start":{"line":10,"column":0},"end":{"line":10,"column":85}},"1":{"start":{"line":11,"column":0},"end":{"line":11,"column":84}}},"fnMap":{},"branchMap":{},"s":{"0":1,"1":1},"f":{},"b":{},"_coverageSchema":"1a1c01bbd47fc00a2c39e90264f33305004495a9","hash":"10cb097d95a1c6d6270d0c3ba7c0992057f72319"}
}
