TN:
SF:config.js
FNF:0
FNH:0
DA:1,1
LF:1
LH:1
BRDA:21,0,0,1
BRDA:21,0,1,1
BRDA:26,1,0,1
BRDA:26,1,1,0
BRF:4
BRH:3
end_of_record
TN:
SF:sequelize.js
FNF:0
FNH:0
DA:4,1
LF:1
LH:1
BRDA:5,0,0,1
BRDA:5,0,1,1
BRF:2
BRH:2
end_of_record
TN:
SF:server.js
FN:59,(anonymous_0)
FN:80,(anonymous_1)
FN:88,(anonymous_2)
FN:102,(anonymous_3)
FN:123,(anonymous_4)
FN:130,(anonymous_5)
FN:152,(anonymous_6)
FN:167,(anonymous_7)
FN:188,(anonymous_8)
FN:217,(anonymous_9)
FN:240,(anonymous_10)
FN:257,(anonymous_11)
FN:270,(anonymous_12)
FN:287,(anonymous_13)
FN:297,(anonymous_14)
FN:301,(anonymous_15)
FN:316,(anonymous_16)
FN:324,(anonymous_17)
FN:338,(anonymous_18)
FN:356,(anonymous_19)
FN:375,(anonymous_20)
FN:385,(anonymous_21)
FN:398,(anonymous_22)
FN:410,(anonymous_23)
FN:421,(anonymous_24)
FN:455,(anonymous_25)
FN:493,(anonymous_26)
FN:623,(anonymous_27)
FN:638,(anonymous_28)
FN:649,(anonymous_29)
FN:664,(anonymous_30)
FN:688,(anonymous_31)
FN:707,(anonymous_32)
FN:735,(anonymous_33)
FN:752,(anonymous_34)
FN:770,(anonymous_35)
FN:789,(anonymous_36)
FN:816,(anonymous_37)
FN:852,(anonymous_38)
FN:872,(anonymous_39)
FN:881,(anonymous_40)
FN:887,(anonymous_41)
FN:890,(anonymous_42)
FNF:43
FNH:19
FNDA:1,(anonymous_0)
FNDA:3,(anonymous_1)
FNDA:3,(anonymous_2)
FNDA:3,(anonymous_3)
FNDA:0,(anonymous_4)
FNDA:1,(anonymous_5)
FNDA:0,(anonymous_6)
FNDA:0,(anonymous_7)
FNDA:4,(anonymous_8)
FNDA:1,(anonymous_9)
FNDA:1,(anonymous_10)
FNDA:1,(anonymous_11)
FNDA:0,(anonymous_12)
FNDA:1,(anonymous_13)
FNDA:5,(anonymous_14)
FNDA:5,(anonymous_15)
FNDA:1,(anonymous_16)
FNDA:1,(anonymous_17)
FNDA:1,(anonymous_18)
FNDA:1,(anonymous_19)
FNDA:1,(anonymous_20)
FNDA:0,(anonymous_21)
FNDA:0,(anonymous_22)
FNDA:0,(anonymous_23)
FNDA:0,(anonymous_24)
FNDA:0,(anonymous_25)
FNDA:0,(anonymous_26)
FNDA:0,(anonymous_27)
FNDA:1,(anonymous_28)
FNDA:0,(anonymous_29)
FNDA:0,(anonymous_30)
FNDA:0,(anonymous_31)
FNDA:0,(anonymous_32)
FNDA:0,(anonymous_33)
FNDA:0,(anonymous_34)
FNDA:0,(anonymous_35)
FNDA:0,(anonymous_36)
FNDA:0,(anonymous_37)
FNDA:0,(anonymous_38)
FNDA:1,(anonymous_39)
FNDA:0,(anonymous_40)
FNDA:0,(anonymous_41)
FNDA:0,(anonymous_42)
DA:22,1
DA:23,1
DA:43,1
DA:44,1
DA:45,1
DA:52,1
DA:53,1
DA:54,1
DA:59,1
DA:60,1
DA:61,1
DA:63,1
DA:65,1
DA:72,0
DA:75,1
DA:79,1
DA:80,1
DA:81,3
DA:82,3
DA:83,0
DA:88,3
DA:89,3
DA:90,0
DA:92,3
DA:93,3
DA:94,3
DA:95,3
DA:102,1
DA:103,3
DA:104,3
DA:105,3
DA:106,3
DA:107,3
DA:108,3
DA:110,0
DA:111,0
DA:114,0
DA:115,0
DA:123,1
DA:124,0
DA:130,1
DA:131,1
DA:132,1
DA:137,1
DA:138,1
DA:140,0
DA:143,0
DA:144,0
DA:152,1
DA:153,0
DA:154,0
DA:155,0
DA:156,0
DA:158,0
DA:161,0
DA:162,0
DA:167,1
DA:168,0
DA:170,0
DA:171,0
DA:174,0
DA:175,0
DA:181,0
DA:183,0
DA:184,0
DA:188,1
DA:189,4
DA:190,4
DA:191,4
DA:192,4
DA:196,4
DA:197,2
DA:202,2
DA:203,2
DA:204,2
DA:206,2
DA:209,0
DA:212,0
DA:217,1
DA:218,1
DA:219,1
DA:222,1
DA:228,0
DA:232,1
DA:235,1
DA:240,1
DA:246,1
DA:248,1
DA:250,0
DA:251,0
DA:257,1
DA:258,1
DA:259,1
DA:260,1
DA:261,1
DA:262,1
DA:264,0
DA:266,0
DA:267,0
DA:270,1
DA:271,0
DA:272,0
DA:273,0
DA:279,0
DA:281,0
DA:282,0
DA:287,1
DA:288,1
DA:289,1
DA:297,5
DA:301,5
DA:309,1
DA:311,0
DA:312,0
DA:316,1
DA:317,1
DA:318,1
DA:324,1
DA:325,1
DA:326,1
DA:327,1
DA:328,1
DA:329,1
DA:330,0
DA:333,1
DA:334,1
DA:335,1
DA:338,1
DA:344,1
DA:345,1
DA:346,1
DA:349,1
DA:351,0
DA:352,0
DA:356,1
DA:357,1
DA:358,1
DA:360,1
DA:361,1
DA:362,0
DA:365,1
DA:366,1
DA:368,1
DA:370,0
DA:375,1
DA:376,1
DA:377,1
DA:378,1
DA:380,0
DA:381,0
DA:385,1
DA:386,0
DA:387,0
DA:389,0
DA:398,0
DA:403,0
DA:405,0
DA:406,0
DA:410,1
DA:411,0
DA:412,0
DA:413,0
DA:415,0
DA:416,0
DA:421,1
DA:422,0
DA:423,0
DA:426,0
DA:427,0
DA:433,0
DA:434,0
DA:435,0
DA:438,0
DA:445,0
DA:450,0
DA:451,0
DA:455,1
DA:456,0
DA:457,0
DA:459,0
DA:460,0
DA:467,0
DA:468,0
DA:471,0
DA:480,0
DA:481,0
DA:487,0
DA:488,0
DA:493,1
DA:494,0
DA:495,0
DA:498,0
DA:500,0
DA:501,0
DA:508,0
DA:510,0
DA:516,0
DA:517,0
DA:521,0
DA:525,0
DA:526,0
DA:528,0
DA:537,0
DA:547,0
DA:548,0
DA:549,0
DA:554,0
DA:560,0
DA:566,0
DA:568,0
DA:569,0
DA:574,0
DA:575,0
DA:577,0
DA:584,0
DA:594,0
DA:595,0
DA:601,0
DA:608,0
DA:609,0
DA:615,0
DA:618,0
DA:619,0
DA:623,1
DA:624,0
DA:625,0
DA:626,0
DA:627,0
DA:628,0
DA:630,0
DA:633,0
DA:634,0
DA:638,1
DA:639,1
DA:640,1
DA:641,1
DA:643,0
DA:644,0
DA:649,1
DA:650,0
DA:651,0
DA:654,0
DA:657,0
DA:658,0
DA:659,0
DA:661,0
DA:663,0
DA:665,0
DA:676,0
DA:679,0
DA:681,0
DA:683,0
DA:684,0
DA:688,1
DA:689,0
DA:690,0
DA:695,0
DA:696,0
DA:698,0
DA:701,0
DA:702,0
DA:707,1
DA:708,0
DA:709,0
DA:711,0
DA:716,0
DA:717,0
DA:720,0
DA:731,0
DA:735,0
DA:743,0
DA:745,0
DA:746,0
DA:750,1
DA:753,0
DA:754,0
DA:755,0
DA:758,0
DA:759,0
DA:761,0
DA:764,0
DA:765,0
DA:770,1
DA:771,0
DA:772,0
DA:773,0
DA:778,0
DA:779,0
DA:781,0
DA:784,0
DA:785,0
DA:789,1
DA:790,0
DA:791,0
DA:794,0
DA:798,0
DA:800,0
DA:801,0
DA:807,0
DA:809,0
DA:810,0
DA:816,1
DA:817,0
DA:818,0
DA:821,0
DA:824,0
DA:825,0
DA:826,0
DA:830,0
DA:831,0
DA:836,0
DA:844,0
DA:846,0
DA:847,0
DA:852,1
DA:853,0
DA:854,0
DA:857,0
DA:861,0
DA:862,0
DA:864,0
DA:867,0
DA:868,0
DA:872,1
DA:873,1
DA:874,1
DA:875,1
DA:877,0
DA:881,1
DA:882,0
DA:885,0
DA:888,0
DA:890,0
LF:333
LH:124
BRDA:82,0,0,0
BRDA:82,0,1,3
BRDA:89,1,0,0
BRDA:89,1,1,3
BRDA:107,2,0,3
BRDA:107,2,1,0
BRDA:107,3,0,3
BRDA:107,3,1,3
BRDA:137,4,0,1
BRDA:137,4,1,0
BRDA:155,5,0,0
BRDA:155,5,1,0
BRDA:170,6,0,0
BRDA:170,6,1,0
BRDA:170,7,0,0
BRDA:170,7,1,0
BRDA:170,7,2,0
BRDA:170,7,3,0
BRDA:191,8,0,4
BRDA:191,8,1,0
BRDA:196,9,0,2
BRDA:196,9,1,2
BRDA:222,10,0,0
BRDA:222,10,1,1
BRDA:223,11,0,1
BRDA:223,11,1,1
BRDA:223,11,2,1
BRDA:223,11,3,1
BRDA:261,12,0,1
BRDA:261,12,1,0
BRDA:329,13,0,0
BRDA:329,13,1,1
BRDA:333,14,0,1
BRDA:333,14,1,0
BRDA:333,15,0,1
BRDA:333,15,1,1
BRDA:361,16,0,0
BRDA:361,16,1,1
BRDA:434,17,0,0
BRDA:434,17,1,0
BRDA:434,18,0,0
BRDA:434,18,1,0
BRDA:467,19,0,0
BRDA:467,19,1,0
BRDA:467,20,0,0
BRDA:467,20,1,0
BRDA:477,21,0,0
BRDA:477,21,1,0
BRDA:500,22,0,0
BRDA:500,22,1,0
BRDA:508,23,0,0
BRDA:508,23,1,0
BRDA:508,23,2,0
BRDA:508,23,3,0
BRDA:516,24,0,0
BRDA:516,24,1,0
BRDA:525,25,0,0
BRDA:525,25,1,0
BRDA:543,26,0,0
BRDA:543,26,1,0
BRDA:547,27,0,0
BRDA:547,27,1,0
BRDA:568,28,0,0
BRDA:568,28,1,0
BRDA:574,29,0,0
BRDA:574,29,1,0
BRDA:590,30,0,0
BRDA:590,30,1,0
BRDA:627,31,0,0
BRDA:627,31,1,0
BRDA:658,32,0,0
BRDA:658,32,1,0
BRDA:695,33,0,0
BRDA:695,33,1,0
BRDA:716,34,0,0
BRDA:716,34,1,0
BRDA:758,35,0,0
BRDA:758,35,1,0
BRDA:778,36,0,0
BRDA:778,36,1,0
BRDA:800,37,0,0
BRDA:800,37,1,0
BRDA:825,38,0,0
BRDA:825,38,1,0
BRDA:830,39,0,0
BRDA:830,39,1,0
BRDA:861,40,0,0
BRDA:861,40,1,0
BRF:88
BRH:20
end_of_record
TN:
SF:models\Archive.js
FNF:0
FNH:0
DA:4,1
LF:1
LH:1
BRF:0
BRH:0
end_of_record
TN:
SF:models\CustomerService.js
FNF:0
FNH:0
DA:6,1
DA:36,1
DA:37,1
DA:39,1
DA:40,1
LF:5
LH:5
BRF:0
BRH:0
end_of_record
TN:
SF:models\Feedback.js
FNF:0
FNH:0
DA:4,1
LF:1
LH:1
BRF:0
BRH:0
end_of_record
TN:
SF:models\Plan.js
FNF:0
FNH:0
DA:5,1
DA:17,1
DA:18,1
LF:3
LH:3
BRF:0
BRH:0
end_of_record
TN:
SF:models\Request.js
FNF:0
FNH:0
DA:7,1
DA:49,1
DA:50,1
DA:52,1
DA:53,1
LF:5
LH:5
BRF:0
BRH:0
end_of_record
TN:
SF:models\Service.js
FNF:0
FNH:0
DA:4,1
LF:1
LH:1
BRF:0
BRH:0
end_of_record
TN:
SF:models\User.js
FNF:0
FNH:0
DA:4,1
LF:1
LH:1
BRF:0
BRH:0
end_of_record
TN:
SF:models\index.js
FNF:0
FNH:0
DA:10,1
DA:11,1
LF:2
LH:2
BRF:0
BRH:0
end_of_record
